{"level":"info","message":"Logged in as SunBot#7771","timestamp":"2017-11-12T00:14:30.245Z"}
{"level":"info","message":"Logged in as SunBot#7771","timestamp":"2017-11-12T00:26:08.670Z"}
{"message":"Failed to connect to database","name":"MongoError","stack":"Error: connect ECONNREFUSED 127.0.0.1:27017\n    at Object._errnoException (util.js:1031:13)\n    at _exceptionWithHostPort (util.js:1052:20)\n    at TCPConnectWrap.afterConnect [as oncomplete] (net.js:1195:14)","level":"error","timestamp":"2017-11-12T00:26:08.759Z"}
{"level":"info","message":"Logged in as SunBot#7771","timestamp":"2017-11-12T00:28:33.291Z"}
{"level":"info","message":"Logged in as SunBot#7771","timestamp":"2017-11-12T00:30:08.906Z"}
{"svrid":"186570298185744394","level":"error","message":"Failed to find server data for serverNewMember","timestamp":"2017-11-12T00:30:13.957Z"}
{"level":"info","message":"Logged in as SunBot#7771","timestamp":"2017-11-12T00:35:39.617Z"}
{"svrid":"186570298185744394","level":"error","message":"Failed to find server data for serverNewMember","timestamp":"2017-11-12T00:36:02.626Z"}
{"level":"info","message":"Logged in as SunBot#7771","timestamp":"2017-11-12T00:38:02.254Z"}
{"svrid":"186570298185744394","level":"error","message":"Failed to find server data for serverNewMember","timestamp":"2017-11-12T00:38:04.610Z"}
{"level":"info","message":"Logged in as SunBot#7771","timestamp":"2017-11-12T00:38:40.259Z"}
{"svrid":"186570298185744394","level":"error","message":"Failed to find server data for serverNewMember","timestamp":"2017-11-12T00:38:51.259Z"}
{"level":"info","message":"Logged in as SunBot#7771","timestamp":"2017-11-12T00:39:50.176Z"}
{"svrid":"186570298185744394","level":"error","message":"Failed to find server data for serverNewMember","timestamp":"2017-11-12T00:40:14.517Z"}
{"message":"Failed to connect to database","name":"MongoError","stack":"MongoError: failed to connect to server [localhost:27017] on first connect [MongoError: connect ECONNREFUSED 127.0.0.1:27017]\n    at Pool.<anonymous> (D:\\Desktop\\PoniJS\\node_modules\\mongodb-core\\lib\\topologies\\server.js:328:35)\n    at emitOne (events.js:125:13)\n    at Pool.emit (events.js:221:7)\n    at Connection.<anonymous> (D:\\Desktop\\PoniJS\\node_modules\\mongodb-core\\lib\\connection\\pool.js:280:12)\n    at Object.onceWrapper (events.js:326:30)\n    at emitTwo (events.js:135:13)\n    at Connection.emit (events.js:224:7)\n    at Socket.<anonymous> (D:\\Desktop\\PoniJS\\node_modules\\mongodb-core\\lib\\connection\\connection.js:177:49)\n    at Object.onceWrapper (events.js:324:30)\n    at emitOne (events.js:125:13)\n    at Socket.emit (events.js:221:7)\n    at emitErrorNT (internal/streams/destroy.js:64:8)\n    at _combinedTickCallback (internal/process/next_tick.js:138:11)\n    at process._tickCallback (internal/process/next_tick.js:180:9)","level":"error","timestamp":"2017-11-12T12:15:19.668Z"}
{"level":"info","message":"Logged in as SunBot#7771","timestamp":"2017-11-12T12:17:16.300Z"}
{"message":"Failed to connect to database","name":"MongoError","stack":"MongoError: failed to connect to server [localhost:27017] on first connect [MongoError: connect ECONNREFUSED 127.0.0.1:27017]\n    at Pool.<anonymous> (D:\\Desktop\\PoniJS\\node_modules\\mongodb-core\\lib\\topologies\\server.js:328:35)\n    at emitOne (events.js:125:13)\n    at Pool.emit (events.js:221:7)\n    at Connection.<anonymous> (D:\\Desktop\\PoniJS\\node_modules\\mongodb-core\\lib\\connection\\pool.js:280:12)\n    at Object.onceWrapper (events.js:326:30)\n    at emitTwo (events.js:135:13)\n    at Connection.emit (events.js:224:7)\n    at Socket.<anonymous> (D:\\Desktop\\PoniJS\\node_modules\\mongodb-core\\lib\\connection\\connection.js:177:49)\n    at Object.onceWrapper (events.js:324:30)\n    at emitOne (events.js:125:13)\n    at Socket.emit (events.js:221:7)\n    at emitErrorNT (internal/streams/destroy.js:64:8)\n    at _combinedTickCallback (internal/process/next_tick.js:138:11)\n    at process._tickCallback (internal/process/next_tick.js:180:9)","level":"error","timestamp":"2017-11-12T12:17:16.676Z"}
{"level":"info","message":"Logged in as SunBot#7771","timestamp":"2017-11-12T15:15:15.368Z"}
{"level":"info","message":"Logged in as SunBot#7771","timestamp":"2017-11-12T15:15:59.074Z"}
{"level":"info","message":"Database Loaded!","timestamp":"2017-11-12T15:22:58.551Z"}
{"level":"info","message":"Logged in as SunBot#7771","timestamp":"2017-11-12T15:22:59.468Z"}
{"svrid":"359329974630481931","level":"info","message":"Joined server 'Ether Community'","timestamp":"2017-11-12T15:24:17.823Z"}
